2022-03-20 15:24:25,239 [Worker-0: Loading available Gradle versions] INFO  o.e.b.c.i.u.g.PublishedGradleVersions - Gradle version information cache is up-to-date. Trying to read.
2022-03-20 15:27:10,705 [Worker-5: Building] INFO  o.e.m.c.i.l.LifecycleMappingFactory - Using org.eclipse.m2e.jdt.JarLifecycleMapping lifecycle mapping for MavenProject: com.demo:day4:0.0.1-SNAPSHOT @ C:\Users\hp\OneDrive\Documents\Assignment-5\Servers\pom.xml.
2022-03-20 15:27:11,242 [Worker-5: Building] WARN  o.e.m.c.i.embedder.EclipseLogger - Using platform encoding (Cp1252 actually) to copy filtered resources, i.e. build is platform dependent!
2022-03-20 15:27:11,244 [Worker-5: Building] INFO  o.e.m.c.i.embedder.EclipseLogger - skip non existing resourceDirectory C:\Users\hp\OneDrive\Documents\Assignment-5\Servers\src\main\resources
2022-03-20 15:27:11,247 [Worker-5: Building] WARN  o.e.m.c.i.embedder.EclipseLogger - Using platform encoding (Cp1252 actually) to copy filtered resources, i.e. build is platform dependent!
2022-03-20 15:27:11,248 [Worker-5: Building] INFO  o.e.m.c.i.embedder.EclipseLogger - skip non existing resourceDirectory C:\Users\hp\OneDrive\Documents\Assignment-5\Servers\src\test\resources
2022-03-20 15:27:12,030 [Worker-13: Updating Maven Dependencies] INFO  o.e.m.c.i.l.LifecycleMappingFactory - Using org.eclipse.m2e.jdt.JarLifecycleMapping lifecycle mapping for MavenProject: com.demo:day4:0.0.1-SNAPSHOT @ C:\Users\hp\OneDrive\Documents\Assignment-5\Servers\pom.xml.
2022-03-20 15:27:13,076 [Worker-13: Building] WARN  o.e.m.c.i.embedder.EclipseLogger - Using platform encoding (Cp1252 actually) to copy filtered resources, i.e. build is platform dependent!
2022-03-20 15:27:13,078 [Worker-13: Building] INFO  o.e.m.c.i.embedder.EclipseLogger - skip non existing resourceDirectory C:\Users\hp\OneDrive\Documents\Assignment-5\Servers\src\main\resources
2022-03-20 15:27:13,082 [Worker-13: Building] WARN  o.e.m.c.i.embedder.EclipseLogger - Using platform encoding (Cp1252 actually) to copy filtered resources, i.e. build is platform dependent!
2022-03-20 15:27:13,083 [Worker-13: Building] INFO  o.e.m.c.i.embedder.EclipseLogger - skip non existing resourceDirectory C:\Users\hp\OneDrive\Documents\Assignment-5\Servers\src\test\resources
2022-03-20 15:37:48,290 [Worker-21: Launching CalculatorTest2] WARN  o.e.m.c.i.embedder.EclipseLogger - Using platform encoding (Cp1252 actually) to copy filtered resources, i.e. build is platform dependent!
2022-03-20 15:37:48,291 [Worker-21: Launching CalculatorTest2] INFO  o.e.m.c.i.embedder.EclipseLogger - skip non existing resourceDirectory C:\Users\hp\OneDrive\Documents\Assignment-5\Servers\src\main\resources
2022-03-20 15:37:48,293 [Worker-21: Launching CalculatorTest2] WARN  o.e.m.c.i.embedder.EclipseLogger - Using platform encoding (Cp1252 actually) to copy filtered resources, i.e. build is platform dependent!
2022-03-20 15:37:48,294 [Worker-21: Launching CalculatorTest2] INFO  o.e.m.c.i.embedder.EclipseLogger - skip non existing resourceDirectory C:\Users\hp\OneDrive\Documents\Assignment-5\Servers\src\test\resources
2022-03-20 15:43:27,701 [Worker-18: Building] WARN  o.e.m.c.i.embedder.EclipseLogger - Using platform encoding (Cp1252 actually) to copy filtered resources, i.e. build is platform dependent!
2022-03-20 15:43:27,703 [Worker-18: Building] INFO  o.e.m.c.i.embedder.EclipseLogger - skip non existing resourceDirectory C:\Users\hp\OneDrive\Documents\Assignment-5\Servers\src\main\resources
2022-03-20 15:43:27,705 [Worker-18: Building] WARN  o.e.m.c.i.embedder.EclipseLogger - Using platform encoding (Cp1252 actually) to copy filtered resources, i.e. build is platform dependent!
2022-03-20 15:43:27,707 [Worker-18: Building] INFO  o.e.m.c.i.embedder.EclipseLogger - skip non existing resourceDirectory C:\Users\hp\OneDrive\Documents\Assignment-5\Servers\src\test\resources
2022-03-20 15:43:53,272 [Worker-17: Launching CalculatorTest2] WARN  o.e.m.c.i.embedder.EclipseLogger - Using platform encoding (Cp1252 actually) to copy filtered resources, i.e. build is platform dependent!
2022-03-20 15:43:53,274 [Worker-17: Launching CalculatorTest2] INFO  o.e.m.c.i.embedder.EclipseLogger - skip non existing resourceDirectory C:\Users\hp\OneDrive\Documents\Assignment-5\Servers\src\main\resources
2022-03-20 15:43:53,277 [Worker-17: Launching CalculatorTest2] WARN  o.e.m.c.i.embedder.EclipseLogger - Using platform encoding (Cp1252 actually) to copy filtered resources, i.e. build is platform dependent!
2022-03-20 15:43:53,280 [Worker-17: Launching CalculatorTest2] INFO  o.e.m.c.i.embedder.EclipseLogger - skip non existing resourceDirectory C:\Users\hp\OneDrive\Documents\Assignment-5\Servers\src\test\resources
2022-03-20 15:44:46,391 [Worker-18: Launching CalculatorTest2] WARN  o.e.m.c.i.embedder.EclipseLogger - Using platform encoding (Cp1252 actually) to copy filtered resources, i.e. build is platform dependent!
2022-03-20 15:44:46,394 [Worker-18: Launching CalculatorTest2] INFO  o.e.m.c.i.embedder.EclipseLogger - skip non existing resourceDirectory C:\Users\hp\OneDrive\Documents\Assignment-5\Servers\src\main\resources
2022-03-20 15:44:46,396 [Worker-18: Launching CalculatorTest2] WARN  o.e.m.c.i.embedder.EclipseLogger - Using platform encoding (Cp1252 actually) to copy filtered resources, i.e. build is platform dependent!
2022-03-20 15:44:46,398 [Worker-18: Launching CalculatorTest2] INFO  o.e.m.c.i.embedder.EclipseLogger - skip non existing resourceDirectory C:\Users\hp\OneDrive\Documents\Assignment-5\Servers\src\test\resources
2022-03-20 15:46:40,411 [Worker-18: Launching CalculatorTest2] WARN  o.e.m.c.i.embedder.EclipseLogger - Using platform encoding (Cp1252 actually) to copy filtered resources, i.e. build is platform dependent!
2022-03-20 15:46:40,413 [Worker-18: Launching CalculatorTest2] INFO  o.e.m.c.i.embedder.EclipseLogger - skip non existing resourceDirectory C:\Users\hp\OneDrive\Documents\Assignment-5\Servers\src\main\resources
2022-03-20 15:46:40,416 [Worker-18: Launching CalculatorTest2] WARN  o.e.m.c.i.embedder.EclipseLogger - Using platform encoding (Cp1252 actually) to copy filtered resources, i.e. build is platform dependent!
2022-03-20 15:46:40,418 [Worker-18: Launching CalculatorTest2] INFO  o.e.m.c.i.embedder.EclipseLogger - skip non existing resourceDirectory C:\Users\hp\OneDrive\Documents\Assignment-5\Servers\src\test\resources
2022-03-20 15:47:12,305 [Worker-17: Launching CalculatorTest2] WARN  o.e.m.c.i.embedder.EclipseLogger - Using platform encoding (Cp1252 actually) to copy filtered resources, i.e. build is platform dependent!
2022-03-20 15:47:12,307 [Worker-17: Launching CalculatorTest2] INFO  o.e.m.c.i.embedder.EclipseLogger - skip non existing resourceDirectory C:\Users\hp\OneDrive\Documents\Assignment-5\Servers\src\main\resources
2022-03-20 15:47:12,310 [Worker-17: Launching CalculatorTest2] WARN  o.e.m.c.i.embedder.EclipseLogger - Using platform encoding (Cp1252 actually) to copy filtered resources, i.e. build is platform dependent!
2022-03-20 15:47:12,314 [Worker-17: Launching CalculatorTest2] INFO  o.e.m.c.i.embedder.EclipseLogger - skip non existing resourceDirectory C:\Users\hp\OneDrive\Documents\Assignment-5\Servers\src\test\resources
2022-03-20 15:48:30,565 [Worker-18: Launching CalculatorTest2] WARN  o.e.m.c.i.embedder.EclipseLogger - Using platform encoding (Cp1252 actually) to copy filtered resources, i.e. build is platform dependent!
2022-03-20 15:48:30,566 [Worker-18: Launching CalculatorTest2] INFO  o.e.m.c.i.embedder.EclipseLogger - skip non existing resourceDirectory C:\Users\hp\OneDrive\Documents\Assignment-5\Servers\src\main\resources
2022-03-20 15:48:30,571 [Worker-18: Launching CalculatorTest2] WARN  o.e.m.c.i.embedder.EclipseLogger - Using platform encoding (Cp1252 actually) to copy filtered resources, i.e. build is platform dependent!
2022-03-20 15:48:30,573 [Worker-18: Launching CalculatorTest2] INFO  o.e.m.c.i.embedder.EclipseLogger - skip non existing resourceDirectory C:\Users\hp\OneDrive\Documents\Assignment-5\Servers\src\test\resources
2022-03-20 15:48:58,291 [Worker-23: Launching CalculatorTest2] WARN  o.e.m.c.i.embedder.EclipseLogger - Using platform encoding (Cp1252 actually) to copy filtered resources, i.e. build is platform dependent!
2022-03-20 15:48:58,293 [Worker-23: Launching CalculatorTest2] INFO  o.e.m.c.i.embedder.EclipseLogger - skip non existing resourceDirectory C:\Users\hp\OneDrive\Documents\Assignment-5\Servers\src\main\resources
2022-03-20 15:48:58,294 [Worker-23: Launching CalculatorTest2] WARN  o.e.m.c.i.embedder.EclipseLogger - Using platform encoding (Cp1252 actually) to copy filtered resources, i.e. build is platform dependent!
2022-03-20 15:48:58,296 [Worker-23: Launching CalculatorTest2] INFO  o.e.m.c.i.embedder.EclipseLogger - skip non existing resourceDirectory C:\Users\hp\OneDrive\Documents\Assignment-5\Servers\src\test\resources
2022-03-20 15:50:05,821 [Worker-18: Launching CalculatorTest2] WARN  o.e.m.c.i.embedder.EclipseLogger - Using platform encoding (Cp1252 actually) to copy filtered resources, i.e. build is platform dependent!
2022-03-20 15:50:05,823 [Worker-18: Launching CalculatorTest2] INFO  o.e.m.c.i.embedder.EclipseLogger - skip non existing resourceDirectory C:\Users\hp\OneDrive\Documents\Assignment-5\Servers\src\main\resources
2022-03-20 15:50:05,825 [Worker-18: Launching CalculatorTest2] WARN  o.e.m.c.i.embedder.EclipseLogger - Using platform encoding (Cp1252 actually) to copy filtered resources, i.e. build is platform dependent!
2022-03-20 15:50:05,826 [Worker-18: Launching CalculatorTest2] INFO  o.e.m.c.i.embedder.EclipseLogger - skip non existing resourceDirectory C:\Users\hp\OneDrive\Documents\Assignment-5\Servers\src\test\resources
2022-03-20 15:51:13,187 [Worker-18: Launching CalculatorTest] WARN  o.e.m.c.i.embedder.EclipseLogger - Using platform encoding (Cp1252 actually) to copy filtered resources, i.e. build is platform dependent!
2022-03-20 15:51:13,189 [Worker-18: Launching CalculatorTest] INFO  o.e.m.c.i.embedder.EclipseLogger - skip non existing resourceDirectory C:\Users\hp\OneDrive\Documents\Assignment-5\Servers\src\main\resources
2022-03-20 15:51:13,190 [Worker-18: Launching CalculatorTest] WARN  o.e.m.c.i.embedder.EclipseLogger - Using platform encoding (Cp1252 actually) to copy filtered resources, i.e. build is platform dependent!
2022-03-20 15:51:13,192 [Worker-18: Launching CalculatorTest] INFO  o.e.m.c.i.embedder.EclipseLogger - skip non existing resourceDirectory C:\Users\hp\OneDrive\Documents\Assignment-5\Servers\src\test\resources
2022-03-20 15:51:50,424 [Worker-14: Launching CalculatorTest] WARN  o.e.m.c.i.embedder.EclipseLogger - Using platform encoding (Cp1252 actually) to copy filtered resources, i.e. build is platform dependent!
2022-03-20 15:51:50,425 [Worker-14: Launching CalculatorTest] INFO  o.e.m.c.i.embedder.EclipseLogger - skip non existing resourceDirectory C:\Users\hp\OneDrive\Documents\Assignment-5\Servers\src\main\resources
2022-03-20 15:51:50,428 [Worker-14: Launching CalculatorTest] WARN  o.e.m.c.i.embedder.EclipseLogger - Using platform encoding (Cp1252 actually) to copy filtered resources, i.e. build is platform dependent!
2022-03-20 15:51:50,429 [Worker-14: Launching CalculatorTest] INFO  o.e.m.c.i.embedder.EclipseLogger - skip non existing resourceDirectory C:\Users\hp\OneDrive\Documents\Assignment-5\Servers\src\test\resources
2022-03-20 15:52:48,702 [Worker-23: Launching CalculatorTest] WARN  o.e.m.c.i.embedder.EclipseLogger - Using platform encoding (Cp1252 actually) to copy filtered resources, i.e. build is platform dependent!
2022-03-20 15:52:48,703 [Worker-23: Launching CalculatorTest] INFO  o.e.m.c.i.embedder.EclipseLogger - skip non existing resourceDirectory C:\Users\hp\OneDrive\Documents\Assignment-5\Servers\src\main\resources
2022-03-20 15:52:48,704 [Worker-23: Launching CalculatorTest] WARN  o.e.m.c.i.embedder.EclipseLogger - Using platform encoding (Cp1252 actually) to copy filtered resources, i.e. build is platform dependent!
2022-03-20 15:52:48,706 [Worker-23: Launching CalculatorTest] INFO  o.e.m.c.i.embedder.EclipseLogger - skip non existing resourceDirectory C:\Users\hp\OneDrive\Documents\Assignment-5\Servers\src\test\resources
2022-03-20 15:53:10,311 [Worker-19: Building] WARN  o.e.m.c.i.embedder.EclipseLogger - Using platform encoding (Cp1252 actually) to copy filtered resources, i.e. build is platform dependent!
2022-03-20 15:53:10,312 [Worker-19: Building] INFO  o.e.m.c.i.embedder.EclipseLogger - skip non existing resourceDirectory C:\Users\hp\OneDrive\Documents\Assignment-5\Servers\src\main\resources
2022-03-20 15:53:10,313 [Worker-19: Building] WARN  o.e.m.c.i.embedder.EclipseLogger - Using platform encoding (Cp1252 actually) to copy filtered resources, i.e. build is platform dependent!
2022-03-20 15:53:10,314 [Worker-19: Building] INFO  o.e.m.c.i.embedder.EclipseLogger - skip non existing resourceDirectory C:\Users\hp\OneDrive\Documents\Assignment-5\Servers\src\test\resources
2022-03-20 15:53:18,470 [Worker-19: Launching CalculatorTest] WARN  o.e.m.c.i.embedder.EclipseLogger - Using platform encoding (Cp1252 actually) to copy filtered resources, i.e. build is platform dependent!
2022-03-20 15:53:18,474 [Worker-19: Launching CalculatorTest] INFO  o.e.m.c.i.embedder.EclipseLogger - skip non existing resourceDirectory C:\Users\hp\OneDrive\Documents\Assignment-5\Servers\src\main\resources
2022-03-20 15:53:18,476 [Worker-19: Launching CalculatorTest] WARN  o.e.m.c.i.embedder.EclipseLogger - Using platform encoding (Cp1252 actually) to copy filtered resources, i.e. build is platform dependent!
2022-03-20 15:53:18,478 [Worker-19: Launching CalculatorTest] INFO  o.e.m.c.i.embedder.EclipseLogger - skip non existing resourceDirectory C:\Users\hp\OneDrive\Documents\Assignment-5\Servers\src\test\resources
2022-03-20 15:53:32,973 [Worker-23: Building] WARN  o.e.m.c.i.embedder.EclipseLogger - Using platform encoding (Cp1252 actually) to copy filtered resources, i.e. build is platform dependent!
2022-03-20 15:53:32,974 [Worker-23: Building] INFO  o.e.m.c.i.embedder.EclipseLogger - skip non existing resourceDirectory C:\Users\hp\OneDrive\Documents\Assignment-5\Servers\src\main\resources
2022-03-20 15:53:32,976 [Worker-23: Building] WARN  o.e.m.c.i.embedder.EclipseLogger - Using platform encoding (Cp1252 actually) to copy filtered resources, i.e. build is platform dependent!
2022-03-20 15:53:32,977 [Worker-23: Building] INFO  o.e.m.c.i.embedder.EclipseLogger - skip non existing resourceDirectory C:\Users\hp\OneDrive\Documents\Assignment-5\Servers\src\test\resources
2022-03-20 15:54:22,078 [Worker-17: Building] WARN  o.e.m.c.i.embedder.EclipseLogger - Using platform encoding (Cp1252 actually) to copy filtered resources, i.e. build is platform dependent!
2022-03-20 15:54:22,079 [Worker-17: Building] INFO  o.e.m.c.i.embedder.EclipseLogger - skip non existing resourceDirectory C:\Users\hp\OneDrive\Documents\Assignment-5\Servers\src\main\resources
2022-03-20 15:54:22,081 [Worker-17: Building] WARN  o.e.m.c.i.embedder.EclipseLogger - Using platform encoding (Cp1252 actually) to copy filtered resources, i.e. build is platform dependent!
2022-03-20 15:54:22,082 [Worker-17: Building] INFO  o.e.m.c.i.embedder.EclipseLogger - skip non existing resourceDirectory C:\Users\hp\OneDrive\Documents\Assignment-5\Servers\src\test\resources
